s:\sp2\sp2framework\studioproject2\application\debug\vc142.pdb
s:\sp2\sp2framework\studioproject2\application\debug\vc142.idb
s:\sp2\sp2framework\studioproject2\application\debug\utility.obj
s:\sp2\sp2framework\studioproject2\application\debug\shader.obj
s:\sp2\sp2framework\studioproject2\application\debug\scenemuseum.obj
s:\sp2\sp2framework\studioproject2\application\debug\scenemain.obj
s:\sp2\sp2framework\studioproject2\application\debug\scenemarinabay.obj
s:\sp2\sp2framework\studioproject2\application\debug\scenegarden.obj
s:\sp2\sp2framework\studioproject2\application\debug\scenechangi.obj
s:\sp2\sp2framework\studioproject2\application\debug\meshbuilder.obj
s:\sp2\sp2framework\studioproject2\application\debug\mesh.obj
s:\sp2\sp2framework\studioproject2\application\debug\main.obj
s:\sp2\sp2framework\studioproject2\application\debug\loadtga.obj
s:\sp2\sp2framework\studioproject2\application\debug\loadobj.obj
s:\sp2\sp2framework\studioproject2\application\debug\inventory.obj
s:\sp2\sp2framework\studioproject2\application\debug\entity.obj
s:\sp2\sp2framework\studioproject2\application\debug\camera3.obj
s:\sp2\sp2framework\studioproject2\application\debug\application.obj
s:\sp2\sp2framework\studioproject2\debug\application.exe
s:\sp2\sp2framework\studioproject2\debug\application.ilk
s:\sp2\sp2framework\studioproject2\debug\application.pdb
s:\sp2\sp2framework\studioproject2\application\debug\application.tlog\cl.command.1.tlog
s:\sp2\sp2framework\studioproject2\application\debug\application.tlog\cl.read.1.tlog
s:\sp2\sp2framework\studioproject2\application\debug\application.tlog\cl.write.1.tlog
s:\sp2\sp2framework\studioproject2\application\debug\application.tlog\link.command.1.tlog
s:\sp2\sp2framework\studioproject2\application\debug\application.tlog\link.read.1.tlog
s:\sp2\sp2framework\studioproject2\application\debug\application.tlog\link.write.1.tlog
