  Application.cpp
C:\Users\admin\source\repos\SP2Framework\StudioProject2\Application\Source\Application.h(5,10): fatal error C1083: Cannot open include file: 'timer.h': No such file or directory
  Camera3.cpp
C:\Users\admin\source\repos\SP2Framework\StudioProject2\Application\Source\Camera3.h(4,10): fatal error C1083: Cannot open include file: 'Vector3.h': No such file or directory
  Entity.cpp
C:\Users\admin\source\repos\SP2Framework\StudioProject2\Application\Source\Entity.h(4,10): fatal error C1083: Cannot open include file: 'Vector3.h': No such file or directory
  Inventory.cpp
C:\Users\admin\source\repos\SP2Framework\StudioProject2\Application\Source\Camera3.h(4,10): fatal error C1083: Cannot open include file: 'Vector3.h': No such file or directory
  LoadOBJ.cpp
C:\Users\admin\source\repos\SP2Framework\StudioProject2\Application\Source\Vertex.h(2,10): fatal error C1083: Cannot open include file: 'Vector3.h': No such file or directory
  LoadTGA.cpp
C:\Users\admin\source\repos\SP2Framework\StudioProject2\Application\Source\LoadTGA.cpp(4,10): fatal error C1083: Cannot open include file: 'GL\glew.h': No such file or directory
  main.cpp
C:\Users\admin\source\repos\SP2Framework\StudioProject2\Application\Source\Application.h(5,10): fatal error C1083: Cannot open include file: 'timer.h': No such file or directory
  Mesh.cpp
C:\Users\admin\source\repos\SP2Framework\StudioProject2\Application\Source\Material.h(4,10): warning C4067: unexpected tokens following preprocessor directive - expected a newline
C:\Users\admin\source\repos\SP2Framework\StudioProject2\Application\Source\Vertex.h(2,10): fatal error C1083: Cannot open include file: 'Vector3.h': No such file or directory
  MeshBuilder.cpp
C:\Users\admin\source\repos\SP2Framework\StudioProject2\Application\Source\Material.h(4,10): warning C4067: unexpected tokens following preprocessor directive - expected a newline
C:\Users\admin\source\repos\SP2Framework\StudioProject2\Application\Source\Vertex.h(2,10): fatal error C1083: Cannot open include file: 'Vector3.h': No such file or directory
  SceneChangi.cpp
C:\Users\admin\source\repos\SP2Framework\StudioProject2\Application\Source\Camera3.h(4,10): fatal error C1083: Cannot open include file: 'Vector3.h': No such file or directory
  SceneGarden.cpp
C:\Users\admin\source\repos\SP2Framework\StudioProject2\Application\Source\Camera3.h(4,10): fatal error C1083: Cannot open include file: 'Vector3.h': No such file or directory
  SceneMarinaBay.cpp
C:\Users\admin\source\repos\SP2Framework\StudioProject2\Application\Source\Camera3.h(4,10): fatal error C1083: Cannot open include file: 'Vector3.h': No such file or directory
  SceneMain.cpp
C:\Users\admin\source\repos\SP2Framework\StudioProject2\Application\Source\Camera3.h(4,10): fatal error C1083: Cannot open include file: 'Vector3.h': No such file or directory
  SceneMuseum.cpp
C:\Users\admin\source\repos\SP2Framework\StudioProject2\Application\Source\Camera3.h(4,10): fatal error C1083: Cannot open include file: 'Vector3.h': No such file or directory
  shader.cpp
C:\Users\admin\source\repos\SP2Framework\StudioProject2\Application\Source\shader.cpp(12,10): fatal error C1083: Cannot open include file: 'GL/glew.h': No such file or directory
  Utility.cpp
C:\Users\admin\source\repos\SP2Framework\StudioProject2\Application\Source\Utility.h(3,10): fatal error C1083: Cannot open include file: 'Mtx44.h': No such file or directory
  Generating Code...
